<?xml version="1.0" encoding="UTF-8"?>
<testng-results ignored="0" total="2" passed="2" failed="0" skipped="0">
  <reporter-output>
  </reporter-output>
  <suite started-at="2023-08-02T01:45:16Z" name="Suite" finished-at="2023-08-02T01:45:30Z" duration-ms="14624">
    <groups>
    </groups>
    <test started-at="2023-08-02T01:45:16Z" name="Test" finished-at="2023-08-02T01:45:30Z" duration-ms="14624">
      <class name="com.learningAutomation.testCases.LoginTestCRM">
        <test-method is-config="true" signature="setUp()[pri:0, instance:com.learningAutomation.testCases.LoginTestCRM@646be2c3]" started-at="2023-08-01T21:45:15Z" name="setUp" finished-at="2023-08-01T21:45:16Z" duration-ms="841" status="PASS">
          <reporter-output>
          </reporter-output>
        </test-method> <!-- setUp -->
        <test-method is-config="true" signature="startBrowser()[pri:0, instance:com.learningAutomation.testCases.LoginTestCRM@646be2c3]" started-at="2023-08-01T21:45:16Z" name="startBrowser" finished-at="2023-08-01T21:45:21Z" duration-ms="4977" status="PASS">
          <reporter-output>
          </reporter-output>
        </test-method> <!-- startBrowser -->
        <test-method signature="loginApp()[pri:0, instance:com.learningAutomation.testCases.LoginTestCRM@646be2c3]" started-at="2023-08-01T21:45:21Z" name="loginApp" finished-at="2023-08-01T21:45:29Z" duration-ms="8543" status="PASS">
          <reporter-output>
          </reporter-output>
        </test-method> <!-- loginApp -->
        <test-method is-config="true" signature="screenShot(org.testng.ITestResult)[pri:0, instance:com.learningAutomation.testCases.LoginTestCRM@646be2c3]" started-at="2023-08-01T21:45:29Z" name="screenShot" finished-at="2023-08-01T21:45:30Z" duration-ms="541" status="PASS">
          <params>
            <param index="0">
              <value>
                <![CDATA[[TestResult name=loginApp status=SUCCESS method=LoginTestCRM.loginApp()[pri:0, instance:com.learningAutomation.testCases.LoginTestCRM@646be2c3] output={null}]]]>
              </value>
            </param>
          </params>
          <reporter-output>
          </reporter-output>
        </test-method> <!-- screenShot -->
        <test-method signature="loginApp1()[pri:0, instance:com.learningAutomation.testCases.LoginTestCRM@646be2c3]" started-at="2023-08-01T21:45:30Z" name="loginApp1" finished-at="2023-08-01T21:45:30Z" duration-ms="2" status="PASS">
          <reporter-output>
          </reporter-output>
        </test-method> <!-- loginApp1 -->
        <test-method is-config="true" signature="screenShot(org.testng.ITestResult)[pri:0, instance:com.learningAutomation.testCases.LoginTestCRM@646be2c3]" started-at="2023-08-01T21:45:30Z" name="screenShot" finished-at="2023-08-01T21:45:30Z" duration-ms="206" status="PASS">
          <params>
            <param index="0">
              <value>
                <![CDATA[[TestResult name=loginApp1 status=SUCCESS method=LoginTestCRM.loginApp1()[pri:0, instance:com.learningAutomation.testCases.LoginTestCRM@646be2c3] output={null}]]]>
              </value>
            </param>
          </params>
          <reporter-output>
          </reporter-output>
        </test-method> <!-- screenShot -->
        <test-method is-config="true" signature="quitBrowser()[pri:0, instance:com.learningAutomation.testCases.LoginTestCRM@646be2c3]" started-at="2023-08-01T21:45:30Z" name="quitBrowser" finished-at="2023-08-01T21:45:30Z" duration-ms="301" status="PASS">
          <reporter-output>
          </reporter-output>
        </test-method> <!-- quitBrowser -->
      </class> <!-- com.learningAutomation.testCases.LoginTestCRM -->
    </test> <!-- Test -->
  </suite> <!-- Suite -->
</testng-results>
